2025-03-22 17:18:26,595 - masks - INFO: «ύδύελ τνπλύρ λύώξη δκ­ μνλεπύ ώςερύ ―ςερ 64686473678894779589
2025-03-22 17:18:41,739 - masks - INFO: «ύδύελ τνπλύρ λύώξη δκ­ μνλεπύ ώςερύ ―ςερ 64686473678894779589
2025-03-22 17:19:33,059 - masks - INFO: «ύδύελ τνπλύρ λύώξη δκ­ μνλεπύ ώςερύ ―ςερ 64686473678894779589
2025-03-22 17:19:33,059 - masks - ERROR: Έχηαξύ. œπνβεπϋρε δκημσ ώςερύ. Έμ δνκφεμ ώνδεπφύρϋ 20 ώηλβνκνβ
2025-03-22 17:23:28,525 - masks - INFO: «ύδύελ τνπλύρ λύώξη δκ­ μνλεπύ ώςερύ 1596837868705199
2025-03-22 17:23:28,526 - masks - INFO: «ύδύελ τνπλύρ λύώξη δκ­ μνλεπύ ώςερύ ―ςερ 64686473678894779589
2025-03-22 17:23:28,526 - masks - ERROR: Έχηαξύ. œπνβεπϋρε δκημσ μνλεπύ ξύπρϊ. Έμ δνκφεμ ώνδεπφύρϋ 16 ώηλβνκνβ
2025-03-22 17:23:28,526 - masks - ERROR: Έχηαξύ. œπνβεπϋρε δκημσ ώςερύ. Έμ δνκφεμ ώνδεπφύρϋ 20 ώηλβνκνβ
2025-03-22 17:23:35,286 - masks - INFO: «ύδύελ τνπλύρ λύώξη δκ­ μνλεπύ ώςερύ 1596837868705199
2025-03-22 17:23:35,286 - masks - INFO: «ύδύελ τνπλύρ λύώξη δκ­ μνλεπύ ώςερύ ―ςερ 64686473678894779589
2025-03-22 17:23:35,287 - masks - ERROR: Έχηαξύ. œπνβεπϋρε δκημσ μνλεπύ ξύπρϊ. Έμ δνκφεμ ώνδεπφύρϋ 16 ώηλβνκνβ
2025-03-22 17:23:35,287 - masks - ERROR: Έχηαξύ. œπνβεπϋρε δκημσ ώςερύ. Έμ δνκφεμ ώνδεπφύρϋ 20 ώηλβνκνβ
2025-03-29 17:28:46,636 - utils - INFO: –Λ–Α–Ι–Μ ../data/operations.json –Ψ―²–Κ―Ä―΄―² –Ϋ–Α ―΅―²–Β–Ϋ–Η–Β
2025-03-29 17:28:46,637 - utils - INFO: –î–Α–Ϋ–Ϋ―΄–Β –Η–Ζ ―³–Α–Ι–Μ–Α ../data/operations.json –Ω―Ä–Ψ―΅–Η―²–Α–Ϋ―΄
2025-03-29 17:28:46,640 - utils - INFO: –Λ–Α–Ι–Μ ../data/operations.json –Ψ―²–Κ―Ä―΄―² –Ϋ–Α ―΅―²–Β–Ϋ–Η–Β
2025-03-29 17:28:46,641 - utils - INFO: –î–Α–Ϋ–Ϋ―΄–Β –Η–Ζ ―³–Α–Ι–Μ–Α ../data/operations.json –Ω―Ä–Ψ―΅–Η―²–Α–Ϋ―΄
2025-03-29 17:29:39,362 - utils - INFO: –Λ–Α–Ι–Μ ../data/operations.json –Ψ―²–Κ―Ä―΄―² –Ϋ–Α ―΅―²–Β–Ϋ–Η–Β
2025-03-29 17:29:39,363 - utils - INFO: –î–Α–Ϋ–Ϋ―΄–Β –Η–Ζ ―³–Α–Ι–Μ–Α ../data/operations.json –Ω―Ä–Ψ―΅–Η―²–Α–Ϋ―΄
2025-03-29 17:29:39,371 - utils - INFO: –Λ–Α–Ι–Μ ../data/operations.json –Ψ―²–Κ―Ä―΄―² –Ϋ–Α ―΅―²–Β–Ϋ–Η–Β
2025-03-29 17:29:39,371 - utils - INFO: –î–Α–Ϋ–Ϋ―΄–Β –Η–Ζ ―³–Α–Ι–Μ–Α ../data/operations.json –Ω―Ä–Ψ―΅–Η―²–Α–Ϋ―΄
2025-03-29 17:29:50,290 - utils - INFO: –Λ–Α–Ι–Μ ../data/operations.json –Ψ―²–Κ―Ä―΄―² –Ϋ–Α ―΅―²–Β–Ϋ–Η–Β
2025-03-29 17:29:50,291 - utils - INFO: –î–Α–Ϋ–Ϋ―΄–Β –Η–Ζ ―³–Α–Ι–Μ–Α ../data/operations.json –Ω―Ä–Ψ―΅–Η―²–Α–Ϋ―΄
2025-03-29 17:29:50,297 - utils - INFO: –Λ–Α–Ι–Μ ../data/operations.json –Ψ―²–Κ―Ä―΄―² –Ϋ–Α ―΅―²–Β–Ϋ–Η–Β
2025-03-29 17:29:50,298 - utils - INFO: –î–Α–Ϋ–Ϋ―΄–Β –Η–Ζ ―³–Α–Ι–Μ–Α ../data/operations.json –Ω―Ä–Ψ―΅–Η―²–Α–Ϋ―΄
2025-03-29 17:31:09,575 - utils - INFO: –Λ–Α–Ι–Μ ../data/operations.json –Ψ―²–Κ―Ä―΄―² –Ϋ–Α ―΅―²–Β–Ϋ–Η–Β
2025-03-29 17:31:09,576 - utils - INFO: –î–Α–Ϋ–Ϋ―΄–Β –Η–Ζ ―³–Α–Ι–Μ–Α ../data/operations.json –Ω―Ä–Ψ―΅–Η―²–Α–Ϋ―΄
2025-03-29 17:31:09,580 - utils - INFO: –Λ–Α–Ι–Μ ../data/operations.json –Ψ―²–Κ―Ä―΄―² –Ϋ–Α ―΅―²–Β–Ϋ–Η–Β
2025-03-29 17:31:09,581 - utils - INFO: –î–Α–Ϋ–Ϋ―΄–Β –Η–Ζ ―³–Α–Ι–Μ–Α ../data/operations.json –Ω―Ä–Ψ―΅–Η―²–Α–Ϋ―΄
2025-03-29 17:31:17,548 - utils - INFO: –Λ–Α–Ι–Μ ../data/operations.json –Ψ―²–Κ―Ä―΄―² –Ϋ–Α ―΅―²–Β–Ϋ–Η–Β
2025-03-29 17:31:17,549 - utils - INFO: –î–Α–Ϋ–Ϋ―΄–Β –Η–Ζ ―³–Α–Ι–Μ–Α ../data/operations.json –Ω―Ä–Ψ―΅–Η―²–Α–Ϋ―΄
2025-03-29 17:31:17,629 - utils - INFO: –Λ–Α–Ι–Μ ../data/operations.json –Ψ―²–Κ―Ä―΄―² –Ϋ–Α ―΅―²–Β–Ϋ–Η–Β
2025-03-29 17:31:17,629 - utils - INFO: –î–Α–Ϋ–Ϋ―΄–Β –Η–Ζ ―³–Α–Ι–Μ–Α ../data/operations.json –Ω―Ä–Ψ―΅–Η―²–Α–Ϋ―΄
2025-03-29 17:33:42,047 - utils - INFO: –Λ–Α–Ι–Μ ../data/operations.json –Ψ―²–Κ―Ä―΄―² –Ϋ–Α ―΅―²–Β–Ϋ–Η–Β
2025-03-29 17:33:42,048 - utils - INFO: –î–Α–Ϋ–Ϋ―΄–Β –Η–Ζ ―³–Α–Ι–Μ–Α ../data/operations.json –Ω―Ä–Ψ―΅–Η―²–Α–Ϋ―΄
2025-03-29 17:33:42,051 - utils - INFO: –Λ–Α–Ι–Μ ../data/operations.json –Ψ―²–Κ―Ä―΄―² –Ϋ–Α ―΅―²–Β–Ϋ–Η–Β
2025-03-29 17:33:42,051 - utils - INFO: –î–Α–Ϋ–Ϋ―΄–Β –Η–Ζ ―³–Α–Ι–Μ–Α ../data/operations.json –Ω―Ä–Ψ―΅–Η―²–Α–Ϋ―΄
2025-03-29 17:37:43,832 - utils - INFO: –Λ–Α–Ι–Μ ../data/operations.json –Ψ―²–Κ―Ä―΄―² –Ϋ–Α ―΅―²–Β–Ϋ–Η–Β
2025-03-29 17:37:43,833 - utils - INFO: –î–Α–Ϋ–Ϋ―΄–Β –Η–Ζ ―³–Α–Ι–Μ–Α ../data/operations.json –Ω―Ä–Ψ―΅–Η―²–Α–Ϋ―΄
2025-03-29 17:37:43,840 - utils - INFO: –Λ–Α–Ι–Μ ../data/operations.json –Ψ―²–Κ―Ä―΄―² –Ϋ–Α ―΅―²–Β–Ϋ–Η–Β
2025-03-29 17:37:43,840 - utils - INFO: –î–Α–Ϋ–Ϋ―΄–Β –Η–Ζ ―³–Α–Ι–Μ–Α ../data/operations.json –Ω―Ä–Ψ―΅–Η―²–Α–Ϋ―΄
2025-03-29 17:37:59,232 - utils - INFO: –Λ–Α–Ι–Μ ../data/operations.json –Ψ―²–Κ―Ä―΄―² –Ϋ–Α ―΅―²–Β–Ϋ–Η–Β
2025-03-29 17:37:59,233 - utils - INFO: –î–Α–Ϋ–Ϋ―΄–Β –Η–Ζ ―³–Α–Ι–Μ–Α ../data/operations.json –Ω―Ä–Ψ―΅–Η―²–Α–Ϋ―΄
2025-03-29 17:37:59,239 - utils - INFO: –Λ–Α–Ι–Μ ../data/operations.json –Ψ―²–Κ―Ä―΄―² –Ϋ–Α ―΅―²–Β–Ϋ–Η–Β
2025-03-29 17:37:59,240 - utils - INFO: –î–Α–Ϋ–Ϋ―΄–Β –Η–Ζ ―³–Α–Ι–Μ–Α ../data/operations.json –Ω―Ä–Ψ―΅–Η―²–Α–Ϋ―΄
2025-03-29 17:38:48,572 - utils - INFO: –Λ–Α–Ι–Μ ../data/operations.json –Ψ―²–Κ―Ä―΄―² –Ϋ–Α ―΅―²–Β–Ϋ–Η–Β
2025-03-29 17:38:48,573 - utils - INFO: –î–Α–Ϋ–Ϋ―΄–Β –Η–Ζ ―³–Α–Ι–Μ–Α ../data/operations.json –Ω―Ä–Ψ―΅–Η―²–Α–Ϋ―΄
2025-03-29 17:38:48,580 - utils - INFO: –Λ–Α–Ι–Μ ../data/operations.json –Ψ―²–Κ―Ä―΄―² –Ϋ–Α ―΅―²–Β–Ϋ–Η–Β
2025-03-29 17:38:48,581 - utils - INFO: –î–Α–Ϋ–Ϋ―΄–Β –Η–Ζ ―³–Α–Ι–Μ–Α ../data/operations.json –Ω―Ä–Ψ―΅–Η―²–Α–Ϋ―΄
2025-03-29 17:39:40,243 - utils - INFO: –Λ–Α–Ι–Μ ../data/operations.json –Ψ―²–Κ―Ä―΄―² –Ϋ–Α ―΅―²–Β–Ϋ–Η–Β
2025-03-29 17:39:40,244 - utils - INFO: –î–Α–Ϋ–Ϋ―΄–Β –Η–Ζ ―³–Α–Ι–Μ–Α ../data/operations.json –Ω―Ä–Ψ―΅–Η―²–Α–Ϋ―΄
2025-03-29 17:39:40,246 - utils - INFO: –Λ–Α–Ι–Μ ../data/operations.json –Ψ―²–Κ―Ä―΄―² –Ϋ–Α ―΅―²–Β–Ϋ–Η–Β
2025-03-29 17:39:40,247 - utils - INFO: –î–Α–Ϋ–Ϋ―΄–Β –Η–Ζ ―³–Α–Ι–Μ–Α ../data/operations.json –Ω―Ä–Ψ―΅–Η―²–Α–Ϋ―΄
2025-03-29 17:41:45,545 - utils - INFO: –Λ–Α–Ι–Μ ../data/operations.json –Ψ―²–Κ―Ä―΄―² –Ϋ–Α ―΅―²–Β–Ϋ–Η–Β
2025-03-29 17:41:45,546 - utils - INFO: –î–Α–Ϋ–Ϋ―΄–Β –Η–Ζ ―³–Α–Ι–Μ–Α ../data/operations.json –Ω―Ä–Ψ―΅–Η―²–Α–Ϋ―΄
2025-03-29 17:41:45,552 - utils - INFO: –Λ–Α–Ι–Μ ../data/operations.json –Ψ―²–Κ―Ä―΄―² –Ϋ–Α ―΅―²–Β–Ϋ–Η–Β
2025-03-29 17:41:45,553 - utils - INFO: –î–Α–Ϋ–Ϋ―΄–Β –Η–Ζ ―³–Α–Ι–Μ–Α ../data/operations.json –Ω―Ä–Ψ―΅–Η―²–Α–Ϋ―΄
2025-03-29 18:02:09,122 - utils - INFO: –Λ–Α–Ι–Μ ../data/operations.json –Ψ―²–Κ―Ä―΄―² –Ϋ–Α ―΅―²–Β–Ϋ–Η–Β
2025-03-29 18:02:09,123 - utils - INFO: –î–Α–Ϋ–Ϋ―΄–Β –Η–Ζ ―³–Α–Ι–Μ–Α ../data/operations.json –Ω―Ä–Ψ―΅–Η―²–Α–Ϋ―΄
2025-03-29 18:02:49,822 - utils - INFO: –Λ–Α–Ι–Μ ../data/operations.json –Ψ―²–Κ―Ä―΄―² –Ϋ–Α ―΅―²–Β–Ϋ–Η–Β
2025-03-29 18:02:49,823 - utils - INFO: –î–Α–Ϋ–Ϋ―΄–Β –Η–Ζ ―³–Α–Ι–Μ–Α ../data/operations.json –Ω―Ä–Ψ―΅–Η―²–Α–Ϋ―΄
2025-03-29 18:02:49,830 - utils - INFO: –Λ–Α–Ι–Μ ../data/operations.json –Ψ―²–Κ―Ä―΄―² –Ϋ–Α ―΅―²–Β–Ϋ–Η–Β
2025-03-29 18:02:49,831 - utils - INFO: –î–Α–Ϋ–Ϋ―΄–Β –Η–Ζ ―³–Α–Ι–Μ–Α ../data/operations.json –Ω―Ä–Ψ―΅–Η―²–Α–Ϋ―΄
2025-03-29 18:03:29,000 - utils - INFO: –Λ–Α–Ι–Μ ../data/operations.json –Ψ―²–Κ―Ä―΄―² –Ϋ–Α ―΅―²–Β–Ϋ–Η–Β
2025-03-29 18:03:29,001 - utils - INFO: –î–Α–Ϋ–Ϋ―΄–Β –Η–Ζ ―³–Α–Ι–Μ–Α ../data/operations.json –Ω―Ä–Ψ―΅–Η―²–Α–Ϋ―΄
2025-03-29 18:03:29,004 - utils - INFO: –Λ–Α–Ι–Μ ../data/operations.json –Ψ―²–Κ―Ä―΄―² –Ϋ–Α ―΅―²–Β–Ϋ–Η–Β
2025-03-29 18:03:29,005 - utils - INFO: –î–Α–Ϋ–Ϋ―΄–Β –Η–Ζ ―³–Α–Ι–Μ–Α ../data/operations.json –Ω―Ä–Ψ―΅–Η―²–Α–Ϋ―΄
2025-03-29 18:04:18,106 - utils - INFO: –Λ–Α–Ι–Μ ../data/operations.json –Ψ―²–Κ―Ä―΄―² –Ϋ–Α ―΅―²–Β–Ϋ–Η–Β
2025-03-29 18:04:18,107 - utils - INFO: –î–Α–Ϋ–Ϋ―΄–Β –Η–Ζ ―³–Α–Ι–Μ–Α ../data/operations.json –Ω―Ä–Ψ―΅–Η―²–Α–Ϋ―΄
2025-03-29 18:05:53,480 - utils - INFO: –Λ–Α–Ι–Μ ../data/operations.json –Ψ―²–Κ―Ä―΄―² –Ϋ–Α ―΅―²–Β–Ϋ–Η–Β
2025-03-29 18:05:53,481 - utils - INFO: –î–Α–Ϋ–Ϋ―΄–Β –Η–Ζ ―³–Α–Ι–Μ–Α ../data/operations.json –Ω―Ä–Ψ―΅–Η―²–Α–Ϋ―΄
2025-03-29 18:05:53,489 - utils - INFO: –Λ–Α–Ι–Μ ../data/operations.json –Ψ―²–Κ―Ä―΄―² –Ϋ–Α ―΅―²–Β–Ϋ–Η–Β
2025-03-29 18:05:53,490 - utils - INFO: –î–Α–Ϋ–Ϋ―΄–Β –Η–Ζ ―³–Α–Ι–Μ–Α ../data/operations.json –Ω―Ä–Ψ―΅–Η―²–Α–Ϋ―΄
2025-03-29 18:07:14,608 - utils - INFO: –Λ–Α–Ι–Μ ../data/operations.json –Ψ―²–Κ―Ä―΄―² –Ϋ–Α ―΅―²–Β–Ϋ–Η–Β
2025-03-29 18:07:14,609 - utils - INFO: –î–Α–Ϋ–Ϋ―΄–Β –Η–Ζ ―³–Α–Ι–Μ–Α ../data/operations.json –Ω―Ä–Ψ―΅–Η―²–Α–Ϋ―΄
2025-03-29 18:11:34,271 - utils - INFO: –Λ–Α–Ι–Μ ../data/operations.json –Ψ―²–Κ―Ä―΄―² –Ϋ–Α ―΅―²–Β–Ϋ–Η–Β
2025-03-29 18:11:34,272 - utils - INFO: –î–Α–Ϋ–Ϋ―΄–Β –Η–Ζ ―³–Α–Ι–Μ–Α ../data/operations.json –Ω―Ä–Ψ―΅–Η―²–Α–Ϋ―΄
2025-03-29 18:16:53,452 - utils - INFO: –Λ–Α–Ι–Μ ../data/operations.json –Ψ―²–Κ―Ä―΄―² –Ϋ–Α ―΅―²–Β–Ϋ–Η–Β
2025-03-29 18:16:53,453 - utils - INFO: –î–Α–Ϋ–Ϋ―΄–Β –Η–Ζ ―³–Α–Ι–Μ–Α ../data/operations.json –Ω―Ä–Ψ―΅–Η―²–Α–Ϋ―΄
