2025-03-22 16:24:43,275 - utils_2 - INFO: ๏ฟฝ๏ฟฝ๏ฟฝ๏ฟฝ ../data/operations.json ๏ฟฝ๏ฟฝ๏ฟฝ๏ฟฝ๏ฟฝ๏ฟฝ ๏ฟฝ๏ฟฝ ๏ฟฝ๏ฟฝ๏ฟฝ๏ฟฝ๏ฟฝ๏ฟฝ
2025-03-22 16:24:43,276 - utils_2 - INFO: ๏ฟฝ๏ฟฝ๏ฟฝ๏ฟฝ๏ฟฝ๏ฟฝ ๏ฟฝ๏ฟฝ ๏ฟฝ๏ฟฝ๏ฟฝ๏ฟฝ๏ฟฝ ../data/operations.json ๏ฟฝ๏ฟฝ๏ฟฝ๏ฟฝ๏ฟฝ๏ฟฝ๏ฟฝ๏ฟฝ๏ฟฝ
2025-03-22 16:29:01,878 - utils_2 - INFO: ิเ้๋ ../data/operations.json ๎๒๊๐๛๒ ํเ ๗๒ๅํ่ๅ
2025-03-22 16:29:01,879 - utils_2 - INFO: ฤเํํ๛ๅ ่็ ๔เ้๋เ ../data/operations.json ๏๐๎๗่๒เํ๛
2025-03-22 16:29:22,773 - utils_2 - INFO: ิเ้๋ ../data/operations.json ๎๒๊๐๛๒ ํเ ๗๒ๅํ่ๅ
2025-03-22 16:29:22,774 - utils_2 - INFO: ฤเํํ๛ๅ ่็ ๔เ้๋เ ../data/operations.json ๏๐๎๗่๒เํ๛
2025-03-22 16:29:48,869 - utils - INFO: ิเ้๋ ../data/operations.json ๎๒๊๐๛๒ ํเ ๗๒ๅํ่ๅ
2025-03-22 16:29:48,870 - utils - INFO: ฤเํํ๛ๅ ่็ ๔เ้๋เ ../data/operations.json ๏๐๎๗่๒เํ๛
2025-03-22 16:29:51,233 - utils - INFO: ิเ้๋ ../data/operations.json ๎๒๊๐๛๒ ํเ ๗๒ๅํ่ๅ
2025-03-22 16:29:51,234 - utils - INFO: ฤเํํ๛ๅ ่็ ๔เ้๋เ ../data/operations.json ๏๐๎๗่๒เํ๛
2025-03-22 16:42:04,432 - utils - INFO: ิเ้๋ ../data/operations.json ๎๒๊๐๛๒ ํเ ๗๒ๅํ่ๅ
2025-03-22 16:42:04,432 - utils - INFO: ฤเํํ๛ๅ ่็ ๔เ้๋เ ../data/operations.json ๏๐๎๗่๒เํ๛
2025-03-22 16:42:07,144 - utils - INFO: ิเ้๋ ../data/operations.json ๎๒๊๐๛๒ ํเ ๗๒ๅํ่ๅ
2025-03-22 16:42:07,145 - utils - INFO: ฤเํํ๛ๅ ่็ ๔เ้๋เ ../data/operations.json ๏๐๎๗่๒เํ๛
2025-03-22 16:50:18,336 - utils - INFO: ิเ้๋ ../data/operations.json ๎๒๊๐๛๒ ํเ ๗๒ๅํ่ๅ
2025-03-22 16:50:18,337 - utils - INFO: ฤเํํ๛ๅ ่็ ๔เ้๋เ ../data/operations.json ๏๐๎๗่๒เํ๛
2025-03-22 16:55:15,840 - utils - INFO: ิเ้๋ ../data/operations.json ๎๒๊๐๛๒ ํเ ๗๒ๅํ่ๅ
2025-03-22 16:55:15,841 - utils - INFO: ฤเํํ๛ๅ ่็ ๔เ้๋เ ../data/operations.json ๏๐๎๗่๒เํ๛
2025-03-22 16:55:27,719 - utils - INFO: ิเ้๋ ../data/operations.json ๎๒๊๐๛๒ ํเ ๗๒ๅํ่ๅ
2025-03-22 16:55:27,720 - utils - INFO: ฤเํํ๛ๅ ่็ ๔เ้๋เ ../data/operations.json ๏๐๎๗่๒เํ๛
2025-03-22 16:59:30,902 - utils - INFO: ิเ้๋ ../data/operations.json ๎๒๊๐๛๒ ํเ ๗๒ๅํ่ๅ
2025-03-22 16:59:30,903 - utils - INFO: ฤเํํ๛ๅ ่็ ๔เ้๋เ ../data/operations.json ๏๐๎๗่๒เํ๛
2025-03-22 17:01:54,823 - utils - INFO: ิเ้๋ ../data/operations.json ๎๒๊๐๛๒ ํเ ๗๒ๅํ่ๅ
2025-03-22 17:01:54,824 - utils - INFO: ฤเํํ๛ๅ ่็ ๔เ้๋เ ../data/operations.json ๏๐๎๗่๒เํ๛
